Start testing: Jan 20 23:57 EET
----------------------------------------------------------
1/2 Testing: UriBuilderTest
1/2 Test: UriBuilderTest
Command: "/home/mahmoud/Documents/to-do-list/curl-wrapper/test/build/URIBuilderTest"
Directory: /home/mahmoud/Documents/to-do-list/curl-wrapper/test/build
"UriBuilderTest" start time: Jan 20 23:57 EET
Output:
----------------------------------------------------------
Running main() from /home/mahmoud/googletest/googletest/src/gtest_main.cc
[==========] Running 4 tests from 1 test suite.
[----------] Global test environment set-up.
[----------] 4 tests from UriBuilderTest
[ RUN      ] UriBuilderTest.TestTheReturnWithoutPathsAndQueries
[       OK ] UriBuilderTest.TestTheReturnWithoutPathsAndQueries (0 ms)
[ RUN      ] UriBuilderTest.TestTheReturnWitPathwithoutQueries
[       OK ] UriBuilderTest.TestTheReturnWitPathwithoutQueries (0 ms)
[ RUN      ] UriBuilderTest.TestTheReturnWithoutPathandWithQueries
[       OK ] UriBuilderTest.TestTheReturnWithoutPathandWithQueries (0 ms)
[ RUN      ] UriBuilderTest.TestTheReturnWithtPathandWithQueries
[       OK ] UriBuilderTest.TestTheReturnWithtPathandWithQueries (0 ms)
[----------] 4 tests from UriBuilderTest (0 ms total)

[----------] Global test environment tear-down
[==========] 4 tests from 1 test suite ran. (0 ms total)
[  PASSED  ] 4 tests.
<end of output>
Test time =   0.02 sec
----------------------------------------------------------
Test Passed.
"UriBuilderTest" end time: Jan 20 23:57 EET
"UriBuilderTest" time elapsed: 00:00:00
----------------------------------------------------------

2/2 Testing: HttpClientTest
2/2 Test: HttpClientTest
Command: "/home/mahmoud/Documents/to-do-list/curl-wrapper/test/build/HttpClientTest"
Directory: /home/mahmoud/Documents/to-do-list/curl-wrapper/test/build
"HttpClientTest" start time: Jan 20 23:57 EET
Output:
----------------------------------------------------------
Running main() from /home/mahmoud/googletest/googletest/src/gtest_main.cc
[==========] Running 4 tests from 1 test suite.
[----------] Global test environment set-up.
[----------] 4 tests from HttpClientTest
[ RUN      ] HttpClientTest.GetRequestWithoutHeaders
[       OK ] HttpClientTest.GetRequestWithoutHeaders (262 ms)
[ RUN      ] HttpClientTest.GetRequestWithHeaders
[       OK ] HttpClientTest.GetRequestWithHeaders (237 ms)
[ RUN      ] HttpClientTest.PostRequestWithoutHeaders
[       OK ] HttpClientTest.PostRequestWithoutHeaders (598 ms)
[ RUN      ] HttpClientTest.PostRequestWithHeaders
[       OK ] HttpClientTest.PostRequestWithHeaders (613 ms)
[----------] 4 tests from HttpClientTest (1711 ms total)

[----------] Global test environment tear-down
[==========] 4 tests from 1 test suite ran. (1712 ms total)
[  PASSED  ] 4 tests.
<end of output>
Test time =   1.73 sec
----------------------------------------------------------
Test Passed.
"HttpClientTest" end time: Jan 20 23:57 EET
"HttpClientTest" time elapsed: 00:00:01
----------------------------------------------------------

End testing: Jan 20 23:57 EET
